<<< Welcome to the RAWSimO CLI >>>
The time is: 02/18/2019 14:03:40
Starting RAWSimO wrapper with the following arguments:
Instance: 1-1-2-6-0.85.xlayo
Setting: Letter-Fixed-600.xsett
ControlConfig: PPFAR-TAShortestDistance-SAConstantRatio-ISEmptiest-PSFixed-RPDummy-OBDefault-RBSamePod-MMNoChange.xconf
StatisticsDir: stats0218
Seed: 2
Adding handler for unhandled exceptions ...
Initializing ... 
LayoutConfiguration recognized!
Parsing setting config ...
Parsing control config ...
Parsing layout config ...
Generating instance...
Info about all directions within the generated instance:
# # # # e p e e e e e p p p p p p p p p e p p p p p p p p p e p p p p p e e e e e s # # # # 
# # # # n q w w w w ^ + + + + v + + + + ^ + + + + v + + + + ^ + + + + q w w w w d q # # # # 
# # # # b p e e e e b + + + + v + + + + ^ + + + + v + + + + ^ + + + + v e e e e b s # # # # 
s w w w d q w w w w d < < < < q < < < < d < < < < q < < < < d < < < < q w w w w d q w w w w 
p e e s b p e e e e b + + + + v + + + + ^ + + + + v + + + + ^ + + + + v e e e e b p e e e n 
s w w w d q w w w w ^ + + + + v + + + + ^ + + + + v + + + + ^ + + + + q w w w w d q n w w d 
e e e e b p e e e e b > > > > p > > > > b > > > > p > > > > b > > > > p e e e e b p e e e n 
# # # # n q w w w w ^ + + + + v + + + + ^ + + + + v + + + + ^ + + + + q w w w w d q # # # # 
# # # # b p e e e e b + + + + v + + + + ^ + + + + v + + + + ^ + + + + v e e e e b s # # # # 
# # # # n q w w w w d < < < < q < < < < d < < < < q < < < < d < < < < q w w w w d q w w w w 
# # # # b p e e e e b + + + + v + + + + ^ + + + + v + + + + ^ + + + + v e e e e b p e e e n 
# # # # n q w w w w ^ + + + + v + + + + ^ + + + + v + + + + ^ + + + + q w w w w d q n w w d 
# # # # b p e e e e b > > > > p > > > > b > > > > p > > > > b > > > > p e e e e b p e e e n 
# # # # n q w w w w ^ + + + + v + + + + ^ + + + + v + + + + ^ + + + + q w w w w d q # # # # 
# # # # b p e e e e b + + + + v + + + + ^ + + + + v + + + + ^ + + + + v e e e e b s # # # # 
# # # # n w w w w w d d d d d w d d d d d d d d d w d d d d d d d d d w w w w w d w # # # # 


Info about all types within the generated instance:
# # # # r r r r r r r r r r r r r r r r r r r r r r r r r r r r r r r r r r r r r r # # # # 
# # # # r r r r r r r s s s s r s s s s r s s s s r s s s s r s s s s r r r r r r r # # # # 
# # # # r r r r r r r s s s s r s s s s r s s s s r s s s s r s s s s r r r r r r r # # # # 
b b b b r r r r r r r r r r r r r r r r r r r r r r r r r r r r r r r r r r r r r r b b b o 
b b b b r r r r r r r s s s s r s s s s r s s s s r s s s s r s s s s r r r r r r r b b b b 
b b b b r r r r r r r s s s s r s s s s r s s s s r s s s s r s s s s r r r r r r r b b b b 
i b b b r r r r r r r r r r r r r r r r r r r r r r r r r r r r r r r r r r r r r r b b b b 
# # # # r r r r r r r s s s s r s s s s r s s s s r s s s s r s s s s r r r r r r r # # # # 
# # # # r r r r r r r s s s s r s s s s r s s s s r s s s s r s s s s r r r r r r r # # # # 
# # # # r r r r r r r r r r r r r r r r r r r r r r r r r r r r r r r r r r r r r r b b b o 
# # # # r r r r r r r s s s s r s s s s r s s s s r s s s s r s s s s r r r r r r r b b b b 
# # # # r r r r r r r s s s s r s s s s r s s s s r s s s s r s s s s r r r r r r r b b b b 
# # # # r r r r r r r r r r r r r r r r r r r r r r r r r r r r r r r r r r r r r r b b b b 
# # # # r r r r r r r s s s s r s s s s r s s s s r s s s s r s s s s r r r r r r r # # # # 
# # # # r r r r r r r s s s s r s s s s r s s s s r s s s s r s s s s r r r r r r r # # # # 
# # # # r r r r r r r r r r r r r r r r r r r r r r r r r r r r r r r r r r r r r r # # # # 


StatisticsFolder: 1-1-2-6-0.85-Letter-Fixed-600-PPFAR-TAShortestDistance-SAConstantRatio-ISEmptiest-PSFixed-RPDummy-OBDefault-RBSamePod-MMNoChange-2
Done!
Executing ... 
 14:03:41 | >>> Warming up ...
 00:00:00 | >>> Warmup finished - starting simulation ...
 Realtime |   ETA    |  Sim.Time  | Progress | #Orders | #Bundles | Inv. | Distance | #Coll. |   Memory    
 00:00:00 | 00:24:35 | 0.00:00:00 |  0.01%   |    0    |    0     | 70%  |    0     |   0    |  35.09MB  
 00:00:00 | 00:00:00 | 0.00:10:00 | 100.00%  |    5    |    0     | 70%  |   1041   |   0    |  38.14MB  
 00:00:00 | >>> Simulation finished - writing results ...
 00:00:00 | >>> Results written
Simulation finished.
>>> Timings
StatTimingPathPlanningAverage: 0.000151734803921569
StatTimingPathPlanningOverall: 0.0309539
StatTimingPathPlanningCount: 204
StatTimingTaskAllocationAverage: 4.08753731343284E-05
StatTimingTaskAllocationOverall: 0.0164319
StatTimingTaskAllocationCount: 402
StatTimingItemStorageAverage: 0
StatTimingItemStorageOverall: 0
StatTimingItemStorageCount: 23
StatTimingPodStorageAverage: 0
StatTimingPodStorageOverall: 0
StatTimingPodStorageCount: 0
StatTimingReplenishmentBatchingAverage: 0
StatTimingReplenishmentBatchingOverall: 0
StatTimingReplenishmentBatchingCount: 3
StatTimingOrderBatchingAverage: 0.00138691818181818
StatTimingOrderBatchingOverall: 0.0152561
StatTimingOrderBatchingCount: 11
>>> Overall
StatOverallBundlesPlaced: 2
StatOverallItemsOrdered: 20
StatOverallOrdersPlaced: 5
StatOverallBundlesRejected: 0
StatOverallOrdersRejected: 0
StatOverallBundlesHandled: 0
StatOverallItemsHandled: 20
StatOverallLinesHandled: 20
StatOverallOrdersHandled: 5
StatOverallCollisions: 0
StatAverageTurnoverTime: 73.7054522910959
StatOverallDistanceTraveled: 1041
StatOverallDistanceEstimated: 907
StatOverallAssignedTasks: 402
StatMaxMemoryUsed: 38.12890625
StatRealTimeUsed: 0.3120844
StatMedianTurnoverTime: 68.2929085848998
StatLowerQuartileTurnoverTime: 66.358216522317
StatUpperQuartileTurnoverTime: 75.0360160990552
StatAverageThroughputTime: 73.7032466776388
StatMedianThroughputTime: 68.2929085848998
StatLowerQuartileThroughputTime: 66.3471884550312
StatUpperQuartileThroughputTime: 75.0360160990552

Marked tag finished after 1 tries!
.Fin. - SUCCESS
