<<< Welcome to the RAWSimO CLI >>>
The time is: 12/19/2018 23:57:35
Starting RAWSimO wrapper with the following arguments:
Instance: 1-1-2-6-0.85.xlayo
Setting: Letter-Fixed-7200.xsett
ControlConfig: PPFAR-TARandom-SAConstantRatio-ISEmptiest-PSNearest-RPDummy-OBPodMatching-RBSamePod-MMNoChange.xconf
StatisticsDir: stats
Seed: 2
Adding handler for unhandled exceptions ...
Initializing ... 
LayoutConfiguration recognized!
Parsing setting config ...
Parsing control config ...
Parsing layout config ...
Generating instance...
Info about all directions within the generated instance:
# # # # e p e e e e e p p p p p p p p p e p p p p p p p p p e p p p p p e e e e e s # # # # 
# # # # n q w w w w ^ + + + + v + + + + ^ + + + + v + + + + ^ + + + + q w w w w d q # # # # 
# # # # b p e e e e b + + + + v + + + + ^ + + + + v + + + + ^ + + + + v e e e e b s # # # # 
s w w w d q w w w w d < < < < q < < < < d < < < < q < < < < d < < < < q w w w w d q w w w w 
p e e s b p e e e e b + + + + v + + + + ^ + + + + v + + + + ^ + + + + v e e e e b p e e e n 
s w w w d q w w w w ^ + + + + v + + + + ^ + + + + v + + + + ^ + + + + q w w w w d q n w w d 
e e e e b p e e e e b > > > > p > > > > b > > > > p > > > > b > > > > p e e e e b p e e e n 
# # # # n q w w w w ^ + + + + v + + + + ^ + + + + v + + + + ^ + + + + q w w w w d q # # # # 
# # # # b p e e e e b + + + + v + + + + ^ + + + + v + + + + ^ + + + + v e e e e b s # # # # 
# # # # n q w w w w d < < < < q < < < < d < < < < q < < < < d < < < < q w w w w d q w w w w 
# # # # b p e e e e b + + + + v + + + + ^ + + + + v + + + + ^ + + + + v e e e e b p e e e n 
# # # # n q w w w w ^ + + + + v + + + + ^ + + + + v + + + + ^ + + + + q w w w w d q n w w d 
# # # # b p e e e e b > > > > p > > > > b > > > > p > > > > b > > > > p e e e e b p e e e n 
# # # # n q w w w w ^ + + + + v + + + + ^ + + + + v + + + + ^ + + + + q w w w w d q # # # # 
# # # # b p e e e e b + + + + v + + + + ^ + + + + v + + + + ^ + + + + v e e e e b s # # # # 
# # # # n w w w w w d d d d d w d d d d d d d d d w d d d d d d d d d w w w w w d w # # # # 


Info about all types within the generated instance:
# # # # r r r r r r r r r r r r r r r r r r r r r r r r r r r r r r r r r r r r r r # # # # 
# # # # r r r r r r r s s s s r s s s s r s s s s r s s s s r s s s s r r r r r r r # # # # 
# # # # r r r r r r r s s s s r s s s s r s s s s r s s s s r s s s s r r r r r r r # # # # 
b b b b r r r r r r r r r r r r r r r r r r r r r r r r r r r r r r r r r r r r r r b b b o 
b b b b r r r r r r r s s s s r s s s s r s s s s r s s s s r s s s s r r r r r r r b b b b 
b b b b r r r r r r r s s s s r s s s s r s s s s r s s s s r s s s s r r r r r r r b b b b 
i b b b r r r r r r r r r r r r r r r r r r r r r r r r r r r r r r r r r r r r r r b b b b 
# # # # r r r r r r r s s s s r s s s s r s s s s r s s s s r s s s s r r r r r r r # # # # 
# # # # r r r r r r r s s s s r s s s s r s s s s r s s s s r s s s s r r r r r r r # # # # 
# # # # r r r r r r r r r r r r r r r r r r r r r r r r r r r r r r r r r r r r r r b b b o 
# # # # r r r r r r r s s s s r s s s s r s s s s r s s s s r s s s s r r r r r r r b b b b 
# # # # r r r r r r r s s s s r s s s s r s s s s r s s s s r s s s s r r r r r r r b b b b 
# # # # r r r r r r r r r r r r r r r r r r r r r r r r r r r r r r r r r r r r r r b b b b 
# # # # r r r r r r r s s s s r s s s s r s s s s r s s s s r s s s s r r r r r r r # # # # 
# # # # r r r r r r r s s s s r s s s s r s s s s r s s s s r s s s s r r r r r r r # # # # 
# # # # r r r r r r r r r r r r r r r r r r r r r r r r r r r r r r r r r r r r r r # # # # 


StatisticsFolder: 1-1-2-6-0.85-Letter-Fixed-7200-PPFAR-TARandom-SAActivateAll-ISEmptiest-PSNearest-RPDummy-OBPodMatching-RBSamePod-MMNoChange-2
Done!
Executing ... 
 23:57:36 | >>> Warming up ...
 00:00:00 | >>> Warmup finished - starting simulation ...
 Realtime |   ETA    |  Sim.Time  | Progress | #Orders | #Bundles | Inv. | Distance | #Coll. |   Memory    
 00:00:00 |   n/a    | 0.00:00:00 |  0.00%   |    0    |    0     | 70%  |    0     |   0    |  36.16MB  
 00:00:02 | 00:00:00 | 0.02:00:00 | 100.00%  |   300   |    0     | 64%  |  14840   |   0    |  40.76MB  
 00:00:02 | >>> Simulation finished - writing results ...
 00:00:03 | >>> Results written
Simulation finished.
>>> Timings
StatTimingPathPlanningAverage: 0.000231847180451128
StatTimingPathPlanningOverall: 0.6167135
StatTimingPathPlanningCount: 2660
StatTimingTaskAllocationAverage: 0.000252069477911647
StatTimingTaskAllocationOverall: 0.2510612
StatTimingTaskAllocationCount: 996
StatTimingItemStorageAverage: 8.31472222222222E-06
StatTimingItemStorageOverall: 0.0089799
StatTimingItemStorageCount: 1080
StatTimingPodStorageAverage: 0
StatTimingPodStorageOverall: 0
StatTimingPodStorageCount: 51
StatTimingReplenishmentBatchingAverage: 8.46686440677966E-05
StatTimingReplenishmentBatchingOverall: 0.0099909
StatTimingReplenishmentBatchingCount: 118
StatTimingOrderBatchingAverage: 5.85627090301003E-05
StatTimingOrderBatchingOverall: 0.0350205
StatTimingOrderBatchingCount: 598
>>> Overall
StatOverallBundlesPlaced: 87
StatOverallItemsOrdered: 998
StatOverallOrdersPlaced: 300
StatOverallBundlesRejected: 0
StatOverallOrdersRejected: 0
StatOverallBundlesHandled: 0
StatOverallItemsHandled: 998
StatOverallLinesHandled: 955
StatOverallOrdersHandled: 300
StatOverallCollisions: 0
StatOverallDistanceTraveled: 14839.6825930555
StatOverallDistanceEstimated: 14312
StatOverallAssignedTasks: 955
StatMaxMemoryUsed: 41.33984375
StatRealTimeUsed: 2.6419777
StatAverageTurnoverTime: 810.277213884607
StatMedianTurnoverTime: 661.660151793499
StatLowerQuartileTurnoverTime: 374.708060133238
StatUpperQuartileTurnoverTime: 1138.57028143835
StatAverageThroughputTime: 434.627984288029
StatMedianThroughputTime: 343.603166778729
StatLowerQuartileThroughputTime: 224.493891784896
StatUpperQuartileThroughputTime: 514.97324301702

Marked tag finished after 1 tries!
.Fin. - SUCCESS
